✗ Could not import full TensorFlow: No module named 'tensorflow'
✓ Successfully imported tflite_runtime (CPU only, no Flex delegate)
✓ Limited compatibility - some models may fail (install tensorflow for full support)
[System] TFLite backend: tflite_runtime on Linux x86_64
[Batch] Enforcing batch size: 1
[GPU] Using CPU only (use --gpu to try GPU acceleration)
[FLEX] convnext_tiny.tflite - Trying with TensorFlow Flex delegate
[SKIP] convnext_tiny.tflite - Full TensorFlow not available for Flex delegate
[SKIP] convnext_tiny.tflite - Requires TensorFlow Flex delegate (unsupported operations)
[ERROR] Failed to evaluate convnext_tiny.tflite: Model requires Flex delegate: Select TensorFlow op(s), included in the given model, is(are) not supported by this interpreter. Make sure you apply/link the Flex delegate before inference. For the Android, it can be resolved by adding "org.tensorflow:tensorflow-lite-select-tf-ops" dependency. See instructions: https://www.tensorflow.org/lite/guide/ops_selectNode number 27 (FlexErf) failed to prepare.Select TensorFlow op(s), included in the given model, is(are) not supported by this interpreter. Make sure you apply/link the Flex delegate before inference. For the Android, it can be resolved by adding "org.tensorflow:tensorflow-lite-select-tf-ops" dependency. See instructions: https://www.tensorflow.org/lite/guide/ops_selectNode number 27 (FlexErf) failed to prepare.
[FLEX] deit_tiny_distilled_patch16_224.tflite - Trying with TensorFlow Flex delegate
[SKIP] deit_tiny_distilled_patch16_224.tflite - Full TensorFlow not available for Flex delegate
[SKIP] deit_tiny_distilled_patch16_224.tflite - Requires TensorFlow Flex delegate (unsupported operations)
[ERROR] Failed to evaluate deit_tiny_distilled_patch16_224.tflite: Model requires Flex delegate: Encountered unresolved custom op: Erf.
See instructions: https://www.tensorflow.org/lite/guide/ops_custom Node number 67 (Erf) failed to prepare.Encountered unresolved custom op: Erf.
See instructions: https://www.tensorflow.org/lite/guide/ops_custom Node number 67 (Erf) failed to prepare.
[INFO] densenet121.tflite - Input: [  1   3 224 224], dtype: <class 'numpy.float32'>
[INFO] efficientnet_b0.tflite - Input: [  1   3 224 224], dtype: <class 'numpy.float32'>
[INFO] inception_v3.tflite - Input: [  1   3 299 299], dtype: <class 'numpy.float32'>
[INFO] levit_128s.tflite - Input: [  1   3 224 224], dtype: <class 'numpy.float32'>
[INFO] mnasnet1_0.tflite - Input: [  1   3 224 224], dtype: <class 'numpy.float32'>
[INFO] mobilenet_v2.tflite - Input: [  1   3 224 224], dtype: <class 'numpy.float32'>
[INFO] mobilenet_v3_small.tflite - Input: [  1   3 224 224], dtype: <class 'numpy.float32'>
[INFO] mobilevit_xxs.tflite - Input: [  1   3 224 224], dtype: <class 'numpy.float32'>
[INFO] resnet18.tflite - Input: [  1   3 224 224], dtype: <class 'numpy.float32'>
[INFO] resnet50_v1_mlperf.tflite - Input: [  1   3 224 224], dtype: <class 'numpy.float32'>
[INFO] squeezenet1_1.tflite - Input: [  1   3 224 224], dtype: <class 'numpy.float32'>
Saved: frm_tflite_results.ods
